<?xml version="1.0" encoding="UTF-8"?>
<testng-results skipped="0" failed="0" ignored="0" total="1" passed="1">
  <reporter-output>
  </reporter-output>
  <suite name="Default suite" duration-ms="17574" started-at="2019-04-09T00:16:20Z" finished-at="2019-04-09T00:16:37Z">
    <groups>
    </groups>
    <test name="Default test" duration-ms="17574" started-at="2019-04-09T00:16:20Z" finished-at="2019-04-09T00:16:37Z">
      <class name="testsample.TestMavenWebDriver1">
        <test-method status="PASS" signature="beforeTest()[pri:0, instance:testsample.TestMavenWebDriver1@31a5c39e]" name="beforeTest" is-config="true" duration-ms="7182" started-at="2019-04-09T00:16:20Z" finished-at="2019-04-09T00:16:27Z">
          <reporter-output>
          </reporter-output>
        </test-method> <!-- beforeTest -->
        <test-method status="PASS" signature="testEasy()[pri:0, instance:testsample.TestMavenWebDriver1@31a5c39e]" name="testEasy" duration-ms="7610" started-at="2019-04-09T00:16:27Z" finished-at="2019-04-09T00:16:34Z">
          <reporter-output>
          </reporter-output>
        </test-method> <!-- testEasy -->
        <test-method status="PASS" signature="afterTest()[pri:0, instance:testsample.TestMavenWebDriver1@31a5c39e]" name="afterTest" is-config="true" duration-ms="2759" started-at="2019-04-09T00:16:34Z" finished-at="2019-04-09T00:16:37Z">
          <reporter-output>
          </reporter-output>
        </test-method> <!-- afterTest -->
      </class> <!-- testsample.TestMavenWebDriver1 -->
    </test> <!-- Default test -->
  </suite> <!-- Default suite -->
</testng-results>
